This is pdfTeX, Version 3.141592653-2.6-1.40.25 (TeX Live 2023/nixos.org) (preloaded format=pdflatex 1980.1.1)  2 MAR 2024 16:35
entering extended mode
 restricted \write18 enabled.
 %&-line parsing enabled.
**main.tex
(./main.tex
LaTeX2e <2023-11-01>
L3 programming layer <2024-01-04>

(/nix/store/kr5z7cnjcwf96bib82pznk6grsqpm99b-texlive-2023-env-texmfdist/tex/lat
ex/base/report.cls
Document Class: report 2023/05/17 v1.4n Standard LaTeX document class

(/nix/store/kr5z7cnjcwf96bib82pznk6grsqpm99b-texlive-2023-env-texmfdist/tex/lat
ex/base/size10.clo
File: size10.clo 2023/05/17 v1.4n Standard LaTeX file (size option)
)
\c@part=\count187
\c@chapter=\count188
\c@section=\count189
\c@subsection=\count190
\c@subsubsection=\count191
\c@paragraph=\count192
\c@subparagraph=\count193
\c@figure=\count194
\c@table=\count195
\abovecaptionskip=\skip48
\belowcaptionskip=\skip49
\bibindent=\dimen140
)
(/nix/store/kr5z7cnjcwf96bib82pznk6grsqpm99b-texlive-2023-env-texmfdist/tex/lat
ex/base/inputenc.sty
Package: inputenc 2021/02/14 v1.3d Input encoding file
\inpenc@prehook=\toks17
\inpenc@posthook=\toks18
)
(/nix/store/kr5z7cnjcwf96bib82pznk6grsqpm99b-texlive-2023-env-texmfdist/tex/lat
ex/pxfonts/pxfonts.sty
Package: pxfonts 2008/01/22 v1.1.1
LaTeX Font Info:    Redeclaring symbol font `operators' on input line 21.
LaTeX Font Info:    Overwriting symbol font `operators' in version `normal'
(Font)                  OT1/cmr/m/n --> OT1/pxr/m/n on input line 21.
LaTeX Font Info:    Overwriting symbol font `operators' in version `bold'
(Font)                  OT1/cmr/bx/n --> OT1/pxr/m/n on input line 21.
LaTeX Font Info:    Overwriting symbol font `operators' in version `bold'
(Font)                  OT1/pxr/m/n --> OT1/pxr/bx/n on input line 22.
\symitalic=\mathgroup4
LaTeX Font Info:    Overwriting symbol font `italic' in version `bold'
(Font)                  OT1/pxr/m/it --> OT1/pxr/bx/it on input line 26.
LaTeX Font Info:    Redeclaring math alphabet \mathbf on input line 29.
LaTeX Font Info:    Overwriting math alphabet `\mathbf' in version `normal'
(Font)                  OT1/cmr/bx/n --> OT1/pxr/bx/n on input line 29.
LaTeX Font Info:    Overwriting math alphabet `\mathbf' in version `bold'
(Font)                  OT1/cmr/bx/n --> OT1/pxr/bx/n on input line 29.
LaTeX Font Info:    Redeclaring math alphabet \mathit on input line 30.
LaTeX Font Info:    Overwriting math alphabet `\mathit' in version `normal'
(Font)                  OT1/cmr/m/it --> OT1/pxr/m/it on input line 30.
LaTeX Font Info:    Overwriting math alphabet `\mathit' in version `bold'
(Font)                  OT1/cmr/bx/it --> OT1/pxr/m/it on input line 30.
LaTeX Font Info:    Overwriting math alphabet `\mathit' in version `bold'
(Font)                  OT1/pxr/m/it --> OT1/pxr/bx/it on input line 31.
LaTeX Font Info:    Redeclaring math alphabet \mathsf on input line 40.
LaTeX Font Info:    Overwriting math alphabet `\mathsf' in version `normal'
(Font)                  OT1/cmss/m/n --> OT1/pxss/m/n on input line 40.
LaTeX Font Info:    Overwriting math alphabet `\mathsf' in version `bold'
(Font)                  OT1/cmss/bx/n --> OT1/pxss/m/n on input line 40.
LaTeX Font Info:    Overwriting math alphabet `\mathsf' in version `bold'
(Font)                  OT1/pxss/m/n --> OT1/pxss/b/n on input line 41.
LaTeX Font Info:    Redeclaring math alphabet \mathtt on input line 50.
LaTeX Font Info:    Overwriting math alphabet `\mathtt' in version `normal'
(Font)                  OT1/cmtt/m/n --> OT1/pxtt/m/n on input line 50.
LaTeX Font Info:    Overwriting math alphabet `\mathtt' in version `bold'
(Font)                  OT1/cmtt/m/n --> OT1/pxtt/m/n on input line 50.
LaTeX Font Info:    Overwriting math alphabet `\mathtt' in version `bold'
(Font)                  OT1/pxtt/m/n --> OT1/pxtt/b/n on input line 51.
LaTeX Font Info:    Redeclaring symbol font `letters' on input line 58.
LaTeX Font Info:    Overwriting symbol font `letters' in version `normal'
(Font)                  OML/cmm/m/it --> OML/pxmi/m/it on input line 58.
LaTeX Font Info:    Overwriting symbol font `letters' in version `bold'
(Font)                  OML/cmm/b/it --> OML/pxmi/m/it on input line 58.
LaTeX Font Info:    Overwriting symbol font `letters' in version `bold'
(Font)                  OML/pxmi/m/it --> OML/pxmi/bx/it on input line 59.
\symlettersA=\mathgroup5
LaTeX Font Info:    Overwriting symbol font `lettersA' in version `bold'
(Font)                  U/pxmia/m/it --> U/pxmia/bx/it on input line 67.
LaTeX Font Info:    Redeclaring symbol font `symbols' on input line 77.
LaTeX Font Info:    Overwriting symbol font `symbols' in version `normal'
(Font)                  OMS/cmsy/m/n --> OMS/pxsy/m/n on input line 77.
LaTeX Font Info:    Overwriting symbol font `symbols' in version `bold'
(Font)                  OMS/cmsy/b/n --> OMS/pxsy/m/n on input line 77.
LaTeX Font Info:    Overwriting symbol font `symbols' in version `bold'
(Font)                  OMS/pxsy/m/n --> OMS/pxsy/bx/n on input line 78.
\symAMSa=\mathgroup6
LaTeX Font Info:    Overwriting symbol font `AMSa' in version `bold'
(Font)                  U/pxsya/m/n --> U/pxsya/bx/n on input line 94.
\symAMSb=\mathgroup7
LaTeX Font Info:    Overwriting symbol font `AMSb' in version `bold'
(Font)                  U/pxsyb/m/n --> U/pxsyb/bx/n on input line 103.
\symsymbolsC=\mathgroup8
LaTeX Font Info:    Overwriting symbol font `symbolsC' in version `bold'
(Font)                  U/pxsyc/m/n --> U/pxsyc/bx/n on input line 113.
LaTeX Font Info:    Redeclaring symbol font `largesymbols' on input line 120.
LaTeX Font Info:    Overwriting symbol font `largesymbols' in version `normal'
(Font)                  OMX/cmex/m/n --> OMX/pxex/m/n on input line 120.
LaTeX Font Info:    Overwriting symbol font `largesymbols' in version `bold'
(Font)                  OMX/cmex/m/n --> OMX/pxex/m/n on input line 120.
LaTeX Font Info:    Overwriting symbol font `largesymbols' in version `bold'
(Font)                  OMX/pxex/m/n --> OMX/pxex/bx/n on input line 121.
\symlargesymbolsA=\mathgroup9
LaTeX Font Info:    Overwriting symbol font `largesymbolsA' in version `bold'
(Font)                  U/pxexa/m/n --> U/pxexa/bx/n on input line 129.
LaTeX Font Info:    Redeclaring math symbol \mathsterling on input line 164.
LaTeX Font Info:    Redeclaring math symbol \hbar on input line 591.
LaTeX Info: Redefining \not on input line 997.
)
(/nix/store/kr5z7cnjcwf96bib82pznk6grsqpm99b-texlive-2023-env-texmfdist/tex/lat
ex/graphics/graphicx.sty
Package: graphicx 2021/09/16 v1.2d Enhanced LaTeX Graphics (DPC,SPQR)

(/nix/store/kr5z7cnjcwf96bib82pznk6grsqpm99b-texlive-2023-env-texmfdist/tex/lat
ex/graphics/keyval.sty
Package: keyval 2022/05/29 v1.15 key=value parser (DPC)
\KV@toks@=\toks19
)
(/nix/store/kr5z7cnjcwf96bib82pznk6grsqpm99b-texlive-2023-env-texmfdist/tex/lat
ex/graphics/graphics.sty
Package: graphics 2022/03/10 v1.4e Standard LaTeX Graphics (DPC,SPQR)

(/nix/store/kr5z7cnjcwf96bib82pznk6grsqpm99b-texlive-2023-env-texmfdist/tex/lat
ex/graphics/trig.sty
Package: trig 2021/08/11 v1.11 sin cos tan (DPC)
)
(/nix/store/kr5z7cnjcwf96bib82pznk6grsqpm99b-texlive-2023-env-texmfdist/tex/lat
ex/graphics-cfg/graphics.cfg
File: graphics.cfg 2016/06/04 v1.11 sample graphics configuration
)
Package graphics Info: Driver file: pdftex.def on input line 107.

(/nix/store/kr5z7cnjcwf96bib82pznk6grsqpm99b-texlive-2023-env-texmfdist/tex/lat
ex/graphics-def/pdftex.def
File: pdftex.def 2022/09/22 v1.2b Graphics/color driver for pdftex
))
\Gin@req@height=\dimen141
\Gin@req@width=\dimen142
)
(/nix/store/kr5z7cnjcwf96bib82pznk6grsqpm99b-texlive-2023-env-texmfdist/tex/lat
ex/hyphenat/hyphenat.sty
Package: hyphenat 2009/09/02 v2.3c hyphenation utilities
\langwohyphens=\language89
LaTeX Info: Redefining \_ on input line 43.
)
(/nix/store/kr5z7cnjcwf96bib82pznk6grsqpm99b-texlive-2023-env-texmfdist/tex/lat
ex/ragged2e/ragged2e.sty
Package: ragged2e 2023/06/22 v3.6 ragged2e Package
\CenteringLeftskip=\skip50
\RaggedLeftLeftskip=\skip51
\RaggedRightLeftskip=\skip52
\CenteringRightskip=\skip53
\RaggedLeftRightskip=\skip54
\RaggedRightRightskip=\skip55
\CenteringParfillskip=\skip56
\RaggedLeftParfillskip=\skip57
\RaggedRightParfillskip=\skip58
\JustifyingParfillskip=\skip59
\CenteringParindent=\skip60
\RaggedLeftParindent=\skip61
\RaggedRightParindent=\skip62
\JustifyingParindent=\skip63
)
(/nix/store/kr5z7cnjcwf96bib82pznk6grsqpm99b-texlive-2023-env-texmfdist/tex/lat
ex/titlesec/titlesec.sty
Package: titlesec 2023/10/27 v2.16 Sectioning titles
\ttl@box=\box51
\beforetitleunit=\skip64
\aftertitleunit=\skip65
\ttl@plus=\dimen143
\ttl@minus=\dimen144
\ttl@toksa=\toks20
\titlewidth=\dimen145
\titlewidthlast=\dimen146
\titlewidthfirst=\dimen147
)
(/nix/store/kr5z7cnjcwf96bib82pznk6grsqpm99b-texlive-2023-env-texmfdist/tex/lat
ex/geometry/geometry.sty
Package: geometry 2020/01/02 v5.9 Page Geometry

(/nix/store/kr5z7cnjcwf96bib82pznk6grsqpm99b-texlive-2023-env-texmfdist/tex/gen
eric/iftex/ifvtex.sty
Package: ifvtex 2019/10/25 v1.7 ifvtex legacy package. Use iftex instead.

(/nix/store/kr5z7cnjcwf96bib82pznk6grsqpm99b-texlive-2023-env-texmfdist/tex/gen
eric/iftex/iftex.sty
Package: iftex 2022/02/03 v1.0f TeX engine tests
))
\Gm@cnth=\count196
\Gm@cntv=\count197
\c@Gm@tempcnt=\count198
\Gm@bindingoffset=\dimen148
\Gm@wd@mp=\dimen149
\Gm@odd@mp=\dimen150
\Gm@even@mp=\dimen151
\Gm@layoutwidth=\dimen152
\Gm@layoutheight=\dimen153
\Gm@layouthoffset=\dimen154
\Gm@layoutvoffset=\dimen155
\Gm@dimlist=\toks21
)

! LaTeX Error: Missing \begin{document}.

See the LaTeX manual or LaTeX Companion for explanation.
Type  H <return>  for immediate help.
 ...                                              
                                                  
l.16 \begin{d
             ocument}
? 
(./title.tex
LaTeX Font Info:    Trying to load font information for OT1+pxr on input line 1
.

(/nix/store/kr5z7cnjcwf96bib82pznk6grsqpm99b-texlive-2023-env-texmfdist/tex/lat
ex/pxfonts/ot1pxr.fd
File: ot1pxr.fd 2000/12/14 v1.0
) [1

{/nix/store/3s3z2g8m7xqviqg5j29fhna9y39c3fb9-texlive-2023-env/share/texmf-var/f
onts/map/pdftex/updmap/pdftex.map}{/nix/store/kr5z7cnjcwf96bib82pznk6grsqpm99b-
texlive-2023-env-texmfdist/fonts/enc/dvips/base/8r.enc}]

! LaTeX Error: Missing \begin{document}.

See the LaTeX manual or LaTeX Companion for explanation.
Type  H <return>  for immediate help.
 ...                                              
                                                  
l.2 	\begin{center}
                   
? 
<images/unesa.jpg, id=8, 1003.75pt x 1086.0575pt>
File: images/unesa.jpg Graphic file (type jpg)
<use images/unesa.jpg>
Package pdftex.def Info: images/unesa.jpg  used on input line 7.
(pdftex.def)             Requested size: 129.74477pt x 140.3804pt.
[1 <./images/unesa.jpg>])
Chapter 1.

LaTeX Font Warning: Font shape `OT1/cmr/b/it' undefined
(Font)              using `OT1/cmr/b/n' instead on input line 18.

! Missing number, treated as zero.
<to be read again> 
                   \protect 
l.18 \chapter{KATA PENGANTAR}
                             
? 
! Illegal unit of measure (pt inserted).
<to be read again> 
                   \protect 
l.18 \chapter{KATA PENGANTAR}
                             
? 

! LaTeX Error: Environment KATA PENGANTAR undefined.

See the LaTeX manual or LaTeX Companion for explanation.
Type  H <return>  for immediate help.
 ...                                              
                                                  
l.18 \chapter{KATA PENGANTAR}
                             
? 
! Extra }, or forgotten \endgroup.
\ttl@topmode #1#2->{#2}
                       \ttl@calc \vspace {#1}
l.18 \chapter{KATA PENGANTAR}
                             
? 
(./chapters/katapengantar.tex
Underfull \hbox (badness 1281) in paragraph at lines 3--4
[]\OT1/cmr/b/n/14.4 Puji syukur kepada Tuhan Yang Maha Esa yang
 []


Underfull \hbox (badness 10000) in paragraph at lines 3--4
\OT1/cmr/b/n/14.4 telah me-limpahkan rah-mat dan hidayah-Nya
 []


Underfull \hbox (badness 10000) in paragraph at lines 3--4
\OT1/cmr/b/n/14.4 Per-bandin-gan Re-pro-ducibil-ity Sis-tem Op-erasi
 []


Underfull \hbox (badness 2376) in paragraph at lines 3--4
\OT1/cmr/b/n/14.4 terse-le-saikan. Penulis juga men-gu-cap-kan ter-ima
 []


Underfull \hbox (badness 10000) in paragraph at lines 9--10
[]\OT1/cmr/b/n/14.4 Universitas Negeri Surabaya yang telah
 []

[1


\@writefile{toc}{\contentsline {chapter}{\numberline {1}KATA PENGANTAR}{1}{}\pr
otected@file@percent }
\@writefile{lof}{\addvspace {10\p@ }}
\@writefile{lot}{\addvspace {10\p@ }}
]
Underfull \hbox (badness 2334) in paragraph at lines 12--14
[]\OT1/cmr/b/n/14.4 Kami menyadari bahwa pro-posal peneli-tian ini
 []

) [2]
Chapter 2.
! Argument of \ttlh@display has an extra }.
<inserted text> 
                \par 
l.20 \chapter{BAB I PENDAHULUAN}
                                
? 
Runaway argument?
! Paragraph ended before \ttlh@display was complete.
<to be read again> 
                   \par 
l.20 \chapter{BAB I PENDAHULUAN}
                                
? 
Runaway argument?
! Paragraph ended before \ttl@mkchap was complete.
<to be read again> 
                   \par 
l.20 \chapter{BAB I PENDAHULUAN}
                                
? 
[3


\@writefile{toc}{\contentsline {chapter}{\numberline {2}BAB I PENDAHULUAN}{3}{}
\protected@file@percent }
\@writefile{lof}{\addvspace {10\p@ }}
\@writefile{lot}{\addvspace {10\p@ }}
]
Chapter 3.
! Argument of \ttlh@display has an extra }.
<inserted text> 
                \par 
l.21 \chapter{BAB II KAJIAN PUSTAKA}
                                    
? 
Runaway argument?
! Paragraph ended before \ttlh@display was complete.
<to be read again> 
                   \par 
l.21 \chapter{BAB II KAJIAN PUSTAKA}
                                    
? 
Runaway argument?
! Paragraph ended before \ttl@mkchap was complete.
<to be read again> 
                   \par 
l.21 \chapter{BAB II KAJIAN PUSTAKA}
                                    
? q
OK, entering \batchmode...
 [4

\@writefile{toc}{\contentsline {chapter}{\numberline {3}BAB II KAJIAN PUSTAKA}{
4}{}\protected@file@percent }
\@writefile{lof}{\addvspace {10\p@ }}
\@writefile{lot}{\addvspace {10\p@ }}
]
\gdef \@abspage@last{6}
 (./main.aux)
 ***********
LaTeX2e <2023-11-01>
L3 programming layer <2024-01-04>
 ***********

LaTeX Font Warning: Some font shapes were not available, defaults substituted.

 )
(\end occurred inside a group at level 2)

### semi simple group (level 2) entered at line 18 (\begingroup)
### simple group (level 1) entered at line 18 ({)
### bottom level 
Here is how much of TeX's memory you used:
 2745 strings out of 474166
 38600 string characters out of 5727372
 1928525 words of memory out of 5000000
 25078 multiletter control sequences out of 15000+600000
 560606 words of font info for 42 fonts, out of 8000000 for 9000
 1141 hyphenation exceptions out of 8191
 57i,5n,65p,442b,435s stack positions out of 10000i,1000n,20000p,200000b,200000s
</nix/store/kr5z7cnjcwf96bib82pznk6grsqpm99b-texlive-2023-env-t
exmfdist/fonts/type1/public/amsfonts/cm/cmb10.pfb></nix/store/kr5z7cnjcwf96bib8
2pznk6grsqpm99b-texlive-2023-env-texmfdist/fonts/type1/public/amsfonts/cm/cmr10
.pfb></nix/store/kr5z7cnjcwf96bib82pznk6grsqpm99b-texlive-2023-env-texmfdist/fo
nts/type1/urw/palatino/uplr8a.pfb>
Output written on main.pdf (6 pages, 122680 bytes).
PDF statistics:
 40 PDF objects out of 1000 (max. 8388607)
 24 compressed objects within 1 object stream
 0 named destinations out of 1000 (max. 500000)
 6 words of extra memory for PDF output out of 10000 (max. 10000000)

